<?xml version="1.0" encoding="UTF-8"?>
<coverage generated="1721793372268" clover="3.2.0">
  <project timestamp="1721793372268" name="All files">
    <metrics statements="33" coveredstatements="26" conditionals="8" coveredconditionals="5" methods="14" coveredmethods="8" elements="55" coveredelements="39" complexity="0" loc="33" ncloc="33" packages="2" files="5" classes="5"/>
    <package name="nodejs">
      <metrics statements="25" coveredstatements="18" conditionals="6" coveredconditionals="3" methods="7" coveredmethods="1"/>
      <file name="index.js" path="/workspaces/prep/nodejs/index.js">
        <metrics statements="25" coveredstatements="18" conditionals="6" coveredconditionals="3" methods="7" coveredmethods="1"/>
        <line num="8" count="1" type="stmt"/>
        <line num="9" count="1" type="stmt"/>
        <line num="10" count="1" type="stmt"/>
        <line num="12" count="1" type="stmt"/>
        <line num="14" count="1" type="stmt"/>
        <line num="15" count="1" type="stmt"/>
        <line num="16" count="1" type="stmt"/>
        <line num="18" count="1" type="stmt"/>
        <line num="24" count="1" type="stmt"/>
        <line num="25" count="0" type="stmt"/>
        <line num="33" count="1" type="stmt"/>
        <line num="34" count="0" type="stmt"/>
        <line num="42" count="1" type="stmt"/>
        <line num="43" count="0" type="stmt"/>
        <line num="51" count="1" type="stmt"/>
        <line num="52" count="0" type="stmt"/>
        <line num="61" count="1" type="stmt"/>
        <line num="62" count="0" type="stmt"/>
        <line num="71" count="1" type="stmt"/>
        <line num="72" count="1" type="stmt"/>
        <line num="79" count="1" type="stmt"/>
        <line num="80" count="0" type="stmt"/>
        <line num="86" count="1" type="cond" truecount="1" falsecount="1"/>
        <line num="87" count="1" type="stmt"/>
        <line num="99" count="0" type="stmt"/>
      </file>
    </package>
    <package name="nodejs.src.scripts">
      <metrics statements="8" coveredstatements="8" conditionals="2" coveredconditionals="2" methods="7" coveredmethods="7"/>
      <file name="array.js" path="/workspaces/prep/nodejs/src/scripts/array.js">
        <metrics statements="1" coveredstatements="1" conditionals="0" coveredconditionals="0" methods="1" coveredmethods="1"/>
        <line num="1" count="1" type="stmt"/>
      </file>
      <file name="error.js" path="/workspaces/prep/nodejs/src/scripts/error.js">
        <metrics statements="2" coveredstatements="2" conditionals="0" coveredconditionals="0" methods="1" coveredmethods="1"/>
        <line num="1" count="1" type="stmt"/>
        <line num="2" count="1" type="stmt"/>
      </file>
      <file name="maths.js" path="/workspaces/prep/nodejs/src/scripts/maths.js">
        <metrics statements="3" coveredstatements="3" conditionals="0" coveredconditionals="0" methods="3" coveredmethods="3"/>
        <line num="1" count="5" type="stmt"/>
        <line num="3" count="4" type="stmt"/>
        <line num="5" count="4" type="stmt"/>
      </file>
      <file name="promise.js" path="/workspaces/prep/nodejs/src/scripts/promise.js">
        <metrics statements="2" coveredstatements="2" conditionals="2" coveredconditionals="2" methods="2" coveredmethods="2"/>
        <line num="1" count="4" type="stmt"/>
        <line num="2" count="4" type="cond" truecount="2" falsecount="0"/>
      </file>
    </package>
  </project>
</coverage>
