{"/workspaces/prep/nodejs/index.js": {"path":"/workspaces/prep/nodejs/index.js","statementMap":{"0":{"start":{"line":8,"column":19},"end":{"line":8,"column":28}},"1":{"start":{"line":9,"column":0},"end":{"line":100,"column":1}},"2":{"start":{"line":10,"column":2},"end":{"line":10,"column":18}},"3":{"start":{"line":12,"column":2},"end":{"line":12,"column":26}},"4":{"start":{"line":14,"column":2},"end":{"line":14,"column":50}},"5":{"start":{"line":15,"column":2},"end":{"line":15,"column":32}},"6":{"start":{"line":16,"column":21},"end":{"line":16,"column":55}},"7":{"start":{"line":18,"column":2},"end":{"line":18,"column":38}},"8":{"start":{"line":24,"column":2},"end":{"line":26,"column":5}},"9":{"start":{"line":25,"column":4},"end":{"line":25,"column":47}},"10":{"start":{"line":33,"column":2},"end":{"line":35,"column":5}},"11":{"start":{"line":34,"column":4},"end":{"line":34,"column":56}},"12":{"start":{"line":42,"column":2},"end":{"line":44,"column":5}},"13":{"start":{"line":43,"column":4},"end":{"line":43,"column":58}},"14":{"start":{"line":51,"column":2},"end":{"line":53,"column":5}},"15":{"start":{"line":52,"column":4},"end":{"line":52,"column":55}},"16":{"start":{"line":61,"column":2},"end":{"line":68,"column":5}},"17":{"start":{"line":62,"column":4},"end":{"line":67,"column":7}},"18":{"start":{"line":71,"column":2},"end":{"line":71,"column":32}},"19":{"start":{"line":72,"column":2},"end":{"line":72,"column":33}},"20":{"start":{"line":79,"column":2},"end":{"line":81,"column":5}},"21":{"start":{"line":80,"column":4},"end":{"line":80,"column":61}},"22":{"start":{"line":86,"column":2},"end":{"line":94,"column":5}},"23":{"start":{"line":87,"column":4},"end":{"line":93,"column":6}},"24":{"start":{"line":99,"column":2},"end":{"line":99,"column":64}}},"fnMap":{"0":{"name":"(anonymous_0)","decl":{"start":{"line":24,"column":15},"end":{"line":24,"column":16}},"loc":{"start":{"line":24,"column":29},"end":{"line":26,"column":3}},"line":24},"1":{"name":"(anonymous_1)","decl":{"start":{"line":33,"column":20},"end":{"line":33,"column":21}},"loc":{"start":{"line":33,"column":34},"end":{"line":35,"column":3}},"line":33},"2":{"name":"(anonymous_2)","decl":{"start":{"line":42,"column":19},"end":{"line":42,"column":20}},"loc":{"start":{"line":42,"column":33},"end":{"line":44,"column":3}},"line":42},"3":{"name":"(anonymous_3)","decl":{"start":{"line":51,"column":18},"end":{"line":51,"column":19}},"loc":{"start":{"line":51,"column":32},"end":{"line":53,"column":3}},"line":51},"4":{"name":"(anonymous_4)","decl":{"start":{"line":61,"column":22},"end":{"line":61,"column":23}},"loc":{"start":{"line":61,"column":36},"end":{"line":68,"column":3}},"line":61},"5":{"name":"(anonymous_5)","decl":{"start":{"line":79,"column":16},"end":{"line":79,"column":17}},"loc":{"start":{"line":79,"column":30},"end":{"line":81,"column":3}},"line":79},"6":{"name":"(anonymous_6)","decl":{"start":{"line":86,"column":43},"end":{"line":86,"column":44}},"loc":{"start":{"line":86,"column":49},"end":{"line":94,"column":3}},"line":86}},"branchMap":{"0":{"loc":{"start":{"line":86,"column":13},"end":{"line":86,"column":41}},"type":"binary-expr","locations":[{"start":{"line":86,"column":13},"end":{"line":86,"column":33}},{"start":{"line":86,"column":37},"end":{"line":86,"column":41}}],"line":86},"1":{"loc":{"start":{"line":88,"column":22},"end":{"line":88,"column":50}},"type":"binary-expr","locations":[{"start":{"line":88,"column":22},"end":{"line":88,"column":42}},{"start":{"line":88,"column":46},"end":{"line":88,"column":50}}],"line":88},"2":{"loc":{"start":{"line":88,"column":72},"end":{"line":88,"column":100}},"type":"binary-expr","locations":[{"start":{"line":88,"column":72},"end":{"line":88,"column":92}},{"start":{"line":88,"column":96},"end":{"line":88,"column":100}}],"line":88}},"s":{"0":1,"1":1,"2":1,"3":1,"4":1,"5":1,"6":1,"7":1,"8":1,"9":0,"10":1,"11":0,"12":1,"13":0,"14":1,"15":0,"16":1,"17":0,"18":1,"19":1,"20":1,"21":0,"22":1,"23":1,"24":0},"f":{"0":0,"1":0,"2":0,"3":0,"4":0,"5":0,"6":1},"b":{"0":[1,0],"1":[1,0],"2":[1,0]},"_coverageSchema":"1a1c01bbd47fc00a2c39e90264f33305004495a9","hash":"6c0343c7a923747f3f0d10d957ea55da60bddd4c"}
,"/workspaces/prep/nodejs/src/scripts/array.js": {"path":"/workspaces/prep/nodejs/src/scripts/array.js","statementMap":{"0":{"start":{"line":1,"column":20},"end":{"line":1,"column":31}},"1":{"start":{"line":1,"column":24},"end":{"line":1,"column":31}}},"fnMap":{"0":{"name":"(anonymous_0)","decl":{"start":{"line":1,"column":20},"end":{"line":1,"column":21}},"loc":{"start":{"line":1,"column":24},"end":{"line":1,"column":31}},"line":1}},"branchMap":{},"s":{"0":1,"1":1},"f":{"0":1},"b":{},"_coverageSchema":"1a1c01bbd47fc00a2c39e90264f33305004495a9","hash":"4d8d947f3aca5c1546a07c8c0cc71de4deac305b"}
,"/workspaces/prep/nodejs/src/scripts/error.js": {"path":"/workspaces/prep/nodejs/src/scripts/error.js","statementMap":{"0":{"start":{"line":1,"column":20},"end":{"line":3,"column":1}},"1":{"start":{"line":2,"column":2},"end":{"line":2,"column":36}}},"fnMap":{"0":{"name":"(anonymous_0)","decl":{"start":{"line":1,"column":20},"end":{"line":1,"column":21}},"loc":{"start":{"line":1,"column":24},"end":{"line":3,"column":1}},"line":1}},"branchMap":{},"s":{"0":1,"1":1},"f":{"0":1},"b":{},"_coverageSchema":"1a1c01bbd47fc00a2c39e90264f33305004495a9","hash":"90fa40e117ed0d9499e86db95557ea8001bf4138"}
,"/workspaces/prep/nodejs/src/scripts/maths.js": {"path":"/workspaces/prep/nodejs/src/scripts/maths.js","statementMap":{"0":{"start":{"line":1,"column":18},"end":{"line":1,"column":28}},"1":{"start":{"line":1,"column":25},"end":{"line":1,"column":28}},"2":{"start":{"line":3,"column":23},"end":{"line":3,"column":33}},"3":{"start":{"line":3,"column":30},"end":{"line":3,"column":33}},"4":{"start":{"line":5,"column":23},"end":{"line":5,"column":33}},"5":{"start":{"line":5,"column":30},"end":{"line":5,"column":33}}},"fnMap":{"0":{"name":"(anonymous_0)","decl":{"start":{"line":1,"column":18},"end":{"line":1,"column":19}},"loc":{"start":{"line":1,"column":25},"end":{"line":1,"column":28}},"line":1},"1":{"name":"(anonymous_1)","decl":{"start":{"line":3,"column":23},"end":{"line":3,"column":24}},"loc":{"start":{"line":3,"column":30},"end":{"line":3,"column":33}},"line":3},"2":{"name":"(anonymous_2)","decl":{"start":{"line":5,"column":23},"end":{"line":5,"column":24}},"loc":{"start":{"line":5,"column":30},"end":{"line":5,"column":33}},"line":5}},"branchMap":{},"s":{"0":1,"1":5,"2":1,"3":4,"4":1,"5":4},"f":{"0":5,"1":4,"2":4},"b":{},"_coverageSchema":"1a1c01bbd47fc00a2c39e90264f33305004495a9","hash":"009ab5b55e08769e01ebc8c81aa99929dd454174"}
,"/workspaces/prep/nodejs/src/scripts/promise.js": {"path":"/workspaces/prep/nodejs/src/scripts/promise.js","statementMap":{"0":{"start":{"line":1,"column":27},"end":{"line":3,"column":2}},"1":{"start":{"line":1,"column":35},"end":{"line":3,"column":2}},"2":{"start":{"line":2,"column":2},"end":{"line":2,"column":60}}},"fnMap":{"0":{"name":"(anonymous_0)","decl":{"start":{"line":1,"column":27},"end":{"line":1,"column":28}},"loc":{"start":{"line":1,"column":35},"end":{"line":3,"column":2}},"line":1},"1":{"name":"(anonymous_1)","decl":{"start":{"line":1,"column":47},"end":{"line":1,"column":48}},"loc":{"start":{"line":1,"column":61},"end":{"line":3,"column":1}},"line":1}},"branchMap":{"0":{"loc":{"start":{"line":2,"column":2},"end":{"line":2,"column":59}},"type":"cond-expr","locations":[{"start":{"line":2,"column":25},"end":{"line":2,"column":39}},{"start":{"line":2,"column":40},"end":{"line":2,"column":59}}],"line":2}},"s":{"0":1,"1":4,"2":4},"f":{"0":4,"1":4},"b":{"0":[2,2]},"_coverageSchema":"1a1c01bbd47fc00a2c39e90264f33305004495a9","hash":"b90b32e7bbf0652bc430f8f3453e8baf77af7ae5"}
}
